PMC10000909__cancers-15-01554-g001
PMC10006576__11010_2023_4686_Fig5_HTML
PMC10018165__fneur-14-1130378-g0002
PMC10019437__41598_2023_30158_Fig2_HTML
PMC10030164__nihms-1772370-f0003
PMC10030760__12079_2022_700_Figa_HTML
PMC10031067__fcimb-13-1106591-g003
PMC10033153__gr5_lrg
PMC10039537__40478_2023_1548_Fig6_HTML
PMC10058634__ijms-24-05651-g003
PMC10063980__fendo-14-1112834-g008
PMC10067640__fimmu-14-1123913-g003
PMC10068260__gr6
PMC10070855__fimmu-14-961642-g004
PMC10072901__circrep-5-114-g004
PMC10079989__fimmu-14-1104560-g004
PMC10119587__fgene-14-1156467-g003
PMC10124877__pone.0284458.g003
PMC10130538__fnmol-16-1148219-g004
PMC10154040__nihms-1876340-f0009
PMC10154040__nihms-1876340-f0010
PMC10154040__nihms-1876340-f0011
PMC10154040__nihms-1876340-f0012
PMC10154040__nihms-1876340-f0013
PMC10157367__1144fig6
PMC10158013__ijbsv19p1983g005
PMC10160601__gr6
PMC10201738__12929_2023_924_Fig1_HTML
PMC10201779__10020_2023_664_Fig2_HTML
PMC10217403__cells-12-01437-g002
PMC10219521__ijms-24-09053-g002
PMC10223558__viruses-15-01110-g003
PMC10229139__elife-81464-app4-fig5
PMC10229538__41598_2023_35951_Fig3_HTML
PMC10235890__JCSM-14-1410-g005
PMC10251336__41598_2023_35549_Fig6_HTML
PMC10259048__12864_2023_9412_Fig5_HTML
PMC10290716__41597_2023_2321_Fig3_HTML
PMC10314051__gutjnl-2022-327608f04
PMC10314051__gutjnl-2022-327608f05
PMC10315682__fmolb-10-1164220-g003
PMC10318789__12864_2023_9462_Fig3_HTML
PMC10320098__gkad393fig2
PMC10320098__gkad393fig3
PMC10326973__nihpp-2023.06.26.546628v1-f0005
PMC10340580__cancers-15-03316-g008
PMC10341915__ijms-24-10582-g003
PMC10348756__fmed-10-1169562-g004
PMC10369067__fbinf-03-1101505-g002
PMC10374950__fphys-14-1203723-g007
PMC9086761__djac014f2
PMC9379366__2860fig2
PMC9465545__nihms-1790495-f0002
PMC9710673__vbab010f3
PMC9722939__41467_2022_34460_Fig3_HTML
PMC9727124__41416_2022_2005_Fig5_HTML
PMC9731216__fonc-12-941156-g010
PMC9733859__pone.0278857.g006
PMC9737364__cells-11-03880-g005
PMC9738937__ijms-23-14868-g003
PMC9753776__fnmol-15-1025389-g0003
PMC9763328__41419_2022_5503_Fig8_HTML
PMC9776135__biology-11-01851-g006
PMC9776905__cells-11-04106-g001
PMC9777098__cells-11-04040-g004
PMC9779348__ijms-23-15698-g003
PMC9785075__ijms-23-16158-g008a
PMC9795039__LSA-2022-01800_FigS2
PMC9820692__ijms-24-00249-g001
PMC9825745__btac726f3
PMC9830424__thnov13p0510g008
PMC9833115__jop-164-e77-g003
PMC9833115__jop-164-e77-g007
PMC9849386__fgene-13-981471-g001
PMC9849386__fgene-13-981471-g003
PMC9849386__fgene-13-981471-g004
PMC9849386__fgene-13-981471-g005
PMC9851399__1129f03
PMC9856320__cancers-15-00446-g002
PMC9859508__genes-14-00207-g003
PMC9860022__43856_2023_237_Fig3_HTML
PMC9860170__gr6
PMC9865387__ijms-24-01359-g005
PMC9872754__42003_2023_4478_Fig3_HTML
PMC9872754__42003_2023_4478_Fig6_HTML
PMC9872754__42003_2023_4478_Fig8_HTML
PMC9872754__42003_2023_4478_Fig9_HTML
PMC9882159__nihpp-2023.01.16.524266v1-f0006
PMC9883500__42003_2023_4504_Fig1_HTML
PMC9892376__43141_2023_469_Fig4_HTML
PMC9892724__fpsyt-13-1078894-g003
PMC9900750__nihpp-2023.01.23.523471v1-f0008
PMC9920110__plants-12-00570-g003
PMC9936160__fimmu-14-1024041-g004
PMC9952762__biology-12-00198-g004
PMC9953921__cancers-15-01098-g002
PMC9957298__genes-14-00495-g004a
PMC9961906__ijms-24-03624-g002
PMC9995663__fimmu-14-1134661-g003
